<?xml version="1.0" encoding="UTF-8" ?>
<testsuite errors="0" failures="0" hostname="Jies-MacBook-Pro.local" name="org.apache.tools.ant.taskdefs.MakeUrlTest" tests="11" time="0.255" timestamp="2013-11-24T23:38:10">
  <properties>
[...]
</properties>
  <testcase classname="org.apache.tools.ant.taskdefs.MakeUrlTest" name="testPath" time="0.047" />
  <testcase classname="org.apache.tools.ant.taskdefs.MakeUrlTest" name="testEmpty" time="0.016" />
  <testcase classname="org.apache.tools.ant.taskdefs.MakeUrlTest" name="testIllegalCombinations" time="0.021" />
  <testcase classname="org.apache.tools.ant.taskdefs.MakeUrlTest" name="testNoProperty" time="0.014" />
  <testcase classname="org.apache.tools.ant.taskdefs.MakeUrlTest" name="testNoFile" time="0.02" />
  <testcase classname="org.apache.tools.ant.taskdefs.MakeUrlTest" name="testValidation" time="0.024" />
  <testcase classname="org.apache.tools.ant.taskdefs.MakeUrlTest" name="testWorks" time="0.018" />
  <testcase classname="org.apache.tools.ant.taskdefs.MakeUrlTest" name="testIllegalChars" time="0.018" />
  <testcase classname="org.apache.tools.ant.taskdefs.MakeUrlTest" name="testRoundTrip" time="0.017" />
  <testcase classname="org.apache.tools.ant.taskdefs.MakeUrlTest" name="testFileset" time="0.031" />
  <testcase classname="org.apache.tools.ant.taskdefs.MakeUrlTest" name="testFilesetSeparator" time="0.026" />
  <system-out><![CDATA[]]></system-out>
  <system-err><![CDATA[]]></system-err>
</testsuite>
